LabVIEWCLI started logging in file:  /tmp/lvtemporary_972790.log
Using LabVIEW: "/usr/local/natinst/LabVIEW-2026-64/labviewprofull"
LabVIEW launched successfully.
Connection established with LabVIEW at port number 3363.

Operation output: 
#### Starting Mass Compile: Wed, Jun 17, 2026 05:41:19 PM
  Directory: "/workspace"
/workspace/.github/labview/PrintToSingleFileHtml/PrintToSingleFileHtml.lvclass (PrintToSingleFileHtml.lvclass)
    - The class expected to be at "/workspace/.github/labview/CoreOperation/CoreOperation.lvclass" was loaded from "/usr/local/natinst/share/nilvcli/Operations/CoreOperation/CoreOperation.lvclass".
Search failed to find "NI_WebServices.lvlib:LV Image to PNG Data.vi" previously from "/<vilib>/wsapi/VIs/LV Image to PNG Data.vi"  +=+   Caller: "Image to Info.vi"
  ### Bad VI:    "Image to Info.vi"	Path="/workspace/.github/labview/toimages/SubVIs/Image to Info.vi" 
  ### Bad VI:    "Image to Info.vi"	Path="/workspace/.github/labview/toimages/SubVIs/Image to Info.vi" 
  ### Bad subVI: "Convert.vi"	Path="/workspace/.github/labview/toimages/Convert.vi" 
Could not load (/workspace/actions/vidiff/PrintToSingleFileHtml/Append log.vi) because (/workspace/.github/labview/PrintToSingleFileHtml/Append log.vi) in memory
Could not load (/workspace/actions/vidiff/PrintToSingleFileHtml/Create output file.vi) because (/workspace/.github/labview/PrintToSingleFileHtml/Create output file.vi) in memory
Could not load (/workspace/actions/vidiff/PrintToSingleFileHtml/GetHelp.vi) because (/workspace/.github/labview/PrintToSingleFileHtml/GetHelp.vi) in memory
Could not load (/workspace/actions/vidiff/PrintToSingleFileHtml/Make path absolute.vi) because (/workspace/.github/labview/PrintToSingleFileHtml/Make path absolute.vi) in memory
Could not load (/workspace/actions/vidiff/PrintToSingleFileHtml/Open VI.vi) because (/workspace/.github/labview/PrintToSingleFileHtml/Open VI.vi) in memory
Could not load (/workspace/actions/vidiff/PrintToSingleFileHtml/Parse inputs.vi) because (/workspace/.github/labview/PrintToSingleFileHtml/Parse inputs.vi) in memory
Could not load (/workspace/actions/vidiff/PrintToSingleFileHtml/Print to temp file.vi) because (/workspace/.github/labview/PrintToSingleFileHtml/Print to temp file.vi) in memory
Could not load (/workspace/actions/vidiff/PrintToSingleFileHtml/PrintToSingleFileHtml.lvclass) because (/workspace/.github/labview/PrintToSingleFileHtml/PrintToSingleFileHtml.lvclass) in memory
Could not load (/workspace/actions/vidiff/PrintToSingleFileHtml/RunOperation.vi) because (/workspace/.github/labview/PrintToSingleFileHtml/RunOperation.vi) in memory
Could not load (/workspace/actions/vidiff/PrintToSingleFileHtml/base64_fast_encode.vi) because (/workspace/.github/labview/PrintToSingleFileHtml/base64_fast_encode.vi) in memory
  ### Bad VI:    "Revidyne Generator.lvlib:VI Tree.vi"	Path="/workspace/example/Curriculum/Generator API/subVIs/Public/VI Tree.vi" 
Search failed to find "Trim Whitespace (string).vi" previously from "/<vilib>/Utility/error.llb/Trim Whitespace (string).vi"  +=+   Caller: "main.vi"
#### Finished Mass Compile: Wed, Jun 17, 2026 05:41:30 PM

MassCompile operation failed.

